{"/home/vaxeng/Documents/lottery_web_api/Processes.js": {"path":"/home/vaxeng/Documents/lottery_web_api/Processes.js","statementMap":{"0":{"start":{"line":2,"column":19},"end":{"line":2,"column":51}},"1":{"start":{"line":3,"column":15},"end":{"line":3,"column":44}},"2":{"start":{"line":6,"column":13},"end":{"line":20,"column":1}},"3":{"start":{"line":8,"column":4},"end":{"line":8,"column":27}},"4":{"start":{"line":9,"column":4},"end":{"line":19,"column":7}},"5":{"start":{"line":11,"column":8},"end":{"line":18,"column":9}},"6":{"start":{"line":12,"column":12},"end":{"line":12,"column":30}},"7":{"start":{"line":13,"column":12},"end":{"line":13,"column":46}},"8":{"start":{"line":16,"column":12},"end":{"line":16,"column":32}},"9":{"start":{"line":17,"column":12},"end":{"line":17,"column":41}},"10":{"start":{"line":22,"column":10},"end":{"line":37,"column":1}},"11":{"start":{"line":23,"column":4},"end":{"line":23,"column":27}},"12":{"start":{"line":24,"column":4},"end":{"line":36,"column":7}},"13":{"start":{"line":25,"column":8},"end":{"line":28,"column":9}},"14":{"start":{"line":26,"column":12},"end":{"line":26,"column":30}},"15":{"start":{"line":27,"column":12},"end":{"line":27,"column":46}},"16":{"start":{"line":29,"column":8},"end":{"line":35,"column":9}},"17":{"start":{"line":30,"column":12},"end":{"line":30,"column":89}},"18":{"start":{"line":33,"column":12},"end":{"line":33,"column":32}},"19":{"start":{"line":34,"column":12},"end":{"line":34,"column":46}},"20":{"start":{"line":39,"column":10},"end":{"line":54,"column":1}},"21":{"start":{"line":40,"column":4},"end":{"line":40,"column":27}},"22":{"start":{"line":41,"column":4},"end":{"line":53,"column":7}},"23":{"start":{"line":42,"column":8},"end":{"line":45,"column":9}},"24":{"start":{"line":43,"column":12},"end":{"line":43,"column":30}},"25":{"start":{"line":44,"column":12},"end":{"line":44,"column":46}},"26":{"start":{"line":46,"column":8},"end":{"line":52,"column":9}},"27":{"start":{"line":47,"column":12},"end":{"line":47,"column":74}},"28":{"start":{"line":50,"column":12},"end":{"line":50,"column":32}},"29":{"start":{"line":51,"column":12},"end":{"line":51,"column":41}},"30":{"start":{"line":57,"column":13},"end":{"line":72,"column":1}},"31":{"start":{"line":58,"column":4},"end":{"line":58,"column":27}},"32":{"start":{"line":59,"column":4},"end":{"line":71,"column":7}},"33":{"start":{"line":60,"column":8},"end":{"line":63,"column":9}},"34":{"start":{"line":61,"column":12},"end":{"line":61,"column":30}},"35":{"start":{"line":62,"column":12},"end":{"line":62,"column":46}},"36":{"start":{"line":64,"column":8},"end":{"line":70,"column":9}},"37":{"start":{"line":65,"column":12},"end":{"line":65,"column":74}},"38":{"start":{"line":68,"column":12},"end":{"line":68,"column":32}},"39":{"start":{"line":69,"column":12},"end":{"line":69,"column":41}},"40":{"start":{"line":74,"column":0},"end":{"line":74,"column":43}}},"fnMap":{"0":{"name":"(anonymous_0)","decl":{"start":{"line":6,"column":13},"end":{"line":6,"column":14}},"loc":{"start":{"line":6,"column":62},"end":{"line":20,"column":1}},"line":6},"1":{"name":"(anonymous_1)","decl":{"start":{"line":9,"column":44},"end":{"line":9,"column":45}},"loc":{"start":{"line":9,"column":62},"end":{"line":19,"column":5}},"line":9},"2":{"name":"(anonymous_2)","decl":{"start":{"line":22,"column":10},"end":{"line":22,"column":11}},"loc":{"start":{"line":22,"column":59},"end":{"line":37,"column":1}},"line":22},"3":{"name":"(anonymous_3)","decl":{"start":{"line":24,"column":44},"end":{"line":24,"column":45}},"loc":{"start":{"line":24,"column":62},"end":{"line":36,"column":5}},"line":24},"4":{"name":"(anonymous_4)","decl":{"start":{"line":39,"column":10},"end":{"line":39,"column":11}},"loc":{"start":{"line":39,"column":59},"end":{"line":54,"column":1}},"line":39},"5":{"name":"(anonymous_5)","decl":{"start":{"line":41,"column":44},"end":{"line":41,"column":45}},"loc":{"start":{"line":41,"column":62},"end":{"line":53,"column":5}},"line":41},"6":{"name":"(anonymous_6)","decl":{"start":{"line":57,"column":13},"end":{"line":57,"column":14}},"loc":{"start":{"line":57,"column":62},"end":{"line":72,"column":1}},"line":57},"7":{"name":"(anonymous_7)","decl":{"start":{"line":59,"column":44},"end":{"line":59,"column":45}},"loc":{"start":{"line":59,"column":62},"end":{"line":71,"column":5}},"line":59}},"branchMap":{"0":{"loc":{"start":{"line":11,"column":8},"end":{"line":18,"column":9}},"type":"if","locations":[{"start":{"line":11,"column":8},"end":{"line":18,"column":9}},{"start":{"line":11,"column":8},"end":{"line":18,"column":9}}],"line":11},"1":{"loc":{"start":{"line":25,"column":8},"end":{"line":28,"column":9}},"type":"if","locations":[{"start":{"line":25,"column":8},"end":{"line":28,"column":9}},{"start":{"line":25,"column":8},"end":{"line":28,"column":9}}],"line":25},"2":{"loc":{"start":{"line":29,"column":8},"end":{"line":35,"column":9}},"type":"if","locations":[{"start":{"line":29,"column":8},"end":{"line":35,"column":9}},{"start":{"line":29,"column":8},"end":{"line":35,"column":9}}],"line":29},"3":{"loc":{"start":{"line":42,"column":8},"end":{"line":45,"column":9}},"type":"if","locations":[{"start":{"line":42,"column":8},"end":{"line":45,"column":9}},{"start":{"line":42,"column":8},"end":{"line":45,"column":9}}],"line":42},"4":{"loc":{"start":{"line":46,"column":8},"end":{"line":52,"column":9}},"type":"if","locations":[{"start":{"line":46,"column":8},"end":{"line":52,"column":9}},{"start":{"line":46,"column":8},"end":{"line":52,"column":9}}],"line":46},"5":{"loc":{"start":{"line":60,"column":8},"end":{"line":63,"column":9}},"type":"if","locations":[{"start":{"line":60,"column":8},"end":{"line":63,"column":9}},{"start":{"line":60,"column":8},"end":{"line":63,"column":9}}],"line":60},"6":{"loc":{"start":{"line":64,"column":8},"end":{"line":70,"column":9}},"type":"if","locations":[{"start":{"line":64,"column":8},"end":{"line":70,"column":9}},{"start":{"line":64,"column":8},"end":{"line":70,"column":9}}],"line":64}},"s":{"0":2,"1":2,"2":2,"3":0,"4":0,"5":0,"6":0,"7":0,"8":0,"9":0,"10":2,"11":1,"12":1,"13":1,"14":0,"15":0,"16":1,"17":0,"18":1,"19":1,"20":2,"21":3,"22":3,"23":3,"24":0,"25":0,"26":3,"27":1,"28":2,"29":2,"30":2,"31":0,"32":0,"33":0,"34":0,"35":0,"36":0,"37":0,"38":0,"39":0,"40":2},"f":{"0":0,"1":0,"2":1,"3":1,"4":3,"5":3,"6":0,"7":0},"b":{"0":[0,0],"1":[0,1],"2":[0,1],"3":[0,3],"4":[1,2],"5":[0,0],"6":[0,0]},"_coverageSchema":"1a1c01bbd47fc00a2c39e90264f33305004495a9","hash":"229571cc4b278f660bc823f9752bfd45744b83e3"}
,"/home/vaxeng/Documents/lottery_web_api/server.js": {"path":"/home/vaxeng/Documents/lottery_web_api/server.js","statementMap":{"0":{"start":{"line":3,"column":16},"end":{"line":3,"column":34}},"1":{"start":{"line":4,"column":12},"end":{"line":4,"column":21}},"2":{"start":{"line":5,"column":13},"end":{"line":5,"column":28}},"3":{"start":{"line":6,"column":20},"end":{"line":6,"column":42}},"4":{"start":{"line":7,"column":21},"end":{"line":7,"column":45}},"5":{"start":{"line":8,"column":18},"end":{"line":8,"column":47}},"6":{"start":{"line":10,"column":0},"end":{"line":10,"column":48}},"7":{"start":{"line":11,"column":0},"end":{"line":11,"column":24}},"8":{"start":{"line":12,"column":0},"end":{"line":12,"column":15}},"9":{"start":{"line":13,"column":0},"end":{"line":13,"column":27}},"10":{"start":{"line":14,"column":0},"end":{"line":14,"column":51}},"11":{"start":{"line":17,"column":15},"end":{"line":17,"column":47}},"12":{"start":{"line":18,"column":14},"end":{"line":18,"column":45}},"13":{"start":{"line":21,"column":0},"end":{"line":21,"column":24}},"14":{"start":{"line":22,"column":0},"end":{"line":22,"column":23}},"15":{"start":{"line":26,"column":13},"end":{"line":26,"column":37}},"16":{"start":{"line":27,"column":15},"end":{"line":60,"column":1}},"17":{"start":{"line":61,"column":20},"end":{"line":61,"column":40}},"18":{"start":{"line":62,"column":0},"end":{"line":62,"column":67}},"19":{"start":{"line":67,"column":0},"end":{"line":67,"column":63}},"20":{"start":{"line":68,"column":0},"end":{"line":68,"column":21}}},"fnMap":{},"branchMap":{"0":{"loc":{"start":{"line":26,"column":13},"end":{"line":26,"column":37}},"type":"binary-expr","locations":[{"start":{"line":26,"column":13},"end":{"line":26,"column":29}},{"start":{"line":26,"column":33},"end":{"line":26,"column":37}}],"line":26}},"s":{"0":2,"1":2,"2":2,"3":2,"4":2,"5":2,"6":2,"7":2,"8":2,"9":2,"10":2,"11":2,"12":2,"13":2,"14":2,"15":2,"16":2,"17":2,"18":2,"19":2,"20":2},"f":{},"b":{"0":[2,2]},"_coverageSchema":"1a1c01bbd47fc00a2c39e90264f33305004495a9","hash":"cb591d063f90f2d9718433c4640c4c4c3e6c0bae"}
,"/home/vaxeng/Documents/lottery_web_api/DBConfig/connection.js": {"path":"/home/vaxeng/Documents/lottery_web_api/DBConfig/connection.js","statementMap":{"0":{"start":{"line":3,"column":17},"end":{"line":3,"column":35}},"1":{"start":{"line":5,"column":23},"end":{"line":11,"column":6}},"2":{"start":{"line":13,"column":4},"end":{"line":17,"column":6}},"3":{"start":{"line":14,"column":8},"end":{"line":14,"column":32}},"4":{"start":{"line":16,"column":8},"end":{"line":16,"column":37}},"5":{"start":{"line":19,"column":4},"end":{"line":19,"column":31}}},"fnMap":{"0":{"name":"(anonymous_0)","decl":{"start":{"line":13,"column":30},"end":{"line":13,"column":31}},"loc":{"start":{"line":13,"column":37},"end":{"line":15,"column":5}},"line":13},"1":{"name":"(anonymous_1)","decl":{"start":{"line":15,"column":13},"end":{"line":15,"column":14}},"loc":{"start":{"line":15,"column":20},"end":{"line":17,"column":5}},"line":15}},"branchMap":{},"s":{"0":2,"1":2,"2":2,"3":2,"4":0,"5":2},"f":{"0":2,"1":0},"b":{},"_coverageSchema":"1a1c01bbd47fc00a2c39e90264f33305004495a9","hash":"ae9e747c83cb2397849180b2f1a35fb76d485cd6"}
,"/home/vaxeng/Documents/lottery_web_api/LogConfig/logger.js": {"path":"/home/vaxeng/Documents/lottery_web_api/LogConfig/logger.js","statementMap":{"0":{"start":{"line":2,"column":16},"end":{"line":2,"column":34}},"1":{"start":{"line":3,"column":15},"end":{"line":19,"column":4}},"2":{"start":{"line":20,"column":2},"end":{"line":20,"column":26}}},"fnMap":{},"branchMap":{},"s":{"0":2,"1":2,"2":2},"f":{},"b":{},"_coverageSchema":"1a1c01bbd47fc00a2c39e90264f33305004495a9","hash":"b2dc1530a64e4bd06f61539b2bb9eb713c620f1c"}
,"/home/vaxeng/Documents/lottery_web_api/controllers/brance.controller.js": {"path":"/home/vaxeng/Documents/lottery_web_api/controllers/brance.controller.js","statementMap":{"0":{"start":{"line":2,"column":19},"end":{"line":2,"column":52}},"1":{"start":{"line":3,"column":15},"end":{"line":3,"column":45}},"2":{"start":{"line":4,"column":13},"end":{"line":4,"column":46}},"3":{"start":{"line":5,"column":16},"end":{"line":5,"column":39}},"4":{"start":{"line":8,"column":0},"end":{"line":40,"column":1}},"5":{"start":{"line":9,"column":4},"end":{"line":9,"column":21}},"6":{"start":{"line":12,"column":4},"end":{"line":12,"column":81}},"7":{"start":{"line":14,"column":4},"end":{"line":37,"column":6}},"8":{"start":{"line":16,"column":8},"end":{"line":16,"column":38}},"9":{"start":{"line":16,"column":19},"end":{"line":16,"column":38}},"10":{"start":{"line":18,"column":8},"end":{"line":36,"column":9}},"11":{"start":{"line":19,"column":12},"end":{"line":19,"column":73}},"12":{"start":{"line":25,"column":12},"end":{"line":25,"column":67}},"13":{"start":{"line":27,"column":12},"end":{"line":28,"column":81}},"14":{"start":{"line":28,"column":16},"end":{"line":28,"column":81}},"15":{"start":{"line":30,"column":12},"end":{"line":35,"column":13}},"16":{"start":{"line":43,"column":0},"end":{"line":56,"column":1}},"17":{"start":{"line":44,"column":4},"end":{"line":44,"column":21}},"18":{"start":{"line":45,"column":4},"end":{"line":45,"column":88}},"19":{"start":{"line":47,"column":4},"end":{"line":48,"column":74}},"20":{"start":{"line":48,"column":8},"end":{"line":48,"column":74}},"21":{"start":{"line":50,"column":4},"end":{"line":55,"column":5}},"22":{"start":{"line":59,"column":0},"end":{"line":71,"column":1}},"23":{"start":{"line":60,"column":4},"end":{"line":60,"column":23}},"24":{"start":{"line":61,"column":4},"end":{"line":61,"column":80}},"25":{"start":{"line":62,"column":4},"end":{"line":63,"column":72}},"26":{"start":{"line":63,"column":8},"end":{"line":63,"column":72}},"27":{"start":{"line":65,"column":4},"end":{"line":70,"column":5}},"28":{"start":{"line":73,"column":0},"end":{"line":81,"column":1}},"29":{"start":{"line":74,"column":4},"end":{"line":74,"column":42}},"30":{"start":{"line":75,"column":4},"end":{"line":80,"column":5}}},"fnMap":{"0":{"name":"(anonymous_0)","decl":{"start":{"line":8,"column":17},"end":{"line":8,"column":18}},"loc":{"start":{"line":8,"column":37},"end":{"line":40,"column":1}},"line":8},"1":{"name":"(anonymous_1)","decl":{"start":{"line":14,"column":72},"end":{"line":14,"column":73}},"loc":{"start":{"line":14,"column":92},"end":{"line":37,"column":5}},"line":14},"2":{"name":"(anonymous_2)","decl":{"start":{"line":43,"column":17},"end":{"line":43,"column":18}},"loc":{"start":{"line":43,"column":37},"end":{"line":56,"column":1}},"line":43},"3":{"name":"(anonymous_3)","decl":{"start":{"line":59,"column":17},"end":{"line":59,"column":18}},"loc":{"start":{"line":59,"column":37},"end":{"line":71,"column":1}},"line":59},"4":{"name":"(anonymous_4)","decl":{"start":{"line":73,"column":14},"end":{"line":73,"column":15}},"loc":{"start":{"line":73,"column":34},"end":{"line":81,"column":1}},"line":73}},"branchMap":{"0":{"loc":{"start":{"line":16,"column":8},"end":{"line":16,"column":38}},"type":"if","locations":[{"start":{"line":16,"column":8},"end":{"line":16,"column":38}},{"start":{"line":16,"column":8},"end":{"line":16,"column":38}}],"line":16},"1":{"loc":{"start":{"line":18,"column":8},"end":{"line":36,"column":9}},"type":"if","locations":[{"start":{"line":18,"column":8},"end":{"line":36,"column":9}},{"start":{"line":18,"column":8},"end":{"line":36,"column":9}}],"line":18},"2":{"loc":{"start":{"line":27,"column":12},"end":{"line":28,"column":81}},"type":"if","locations":[{"start":{"line":27,"column":12},"end":{"line":28,"column":81}},{"start":{"line":27,"column":12},"end":{"line":28,"column":81}}],"line":27},"3":{"loc":{"start":{"line":27,"column":16},"end":{"line":27,"column":80}},"type":"binary-expr","locations":[{"start":{"line":27,"column":16},"end":{"line":27,"column":33}},{"start":{"line":27,"column":37},"end":{"line":27,"column":56}},{"start":{"line":27,"column":60},"end":{"line":27,"column":80}}],"line":27},"4":{"loc":{"start":{"line":47,"column":4},"end":{"line":48,"column":74}},"type":"if","locations":[{"start":{"line":47,"column":4},"end":{"line":48,"column":74}},{"start":{"line":47,"column":4},"end":{"line":48,"column":74}}],"line":47},"5":{"loc":{"start":{"line":47,"column":8},"end":{"line":47,"column":72}},"type":"binary-expr","locations":[{"start":{"line":47,"column":8},"end":{"line":47,"column":25}},{"start":{"line":47,"column":29},"end":{"line":47,"column":48}},{"start":{"line":47,"column":52},"end":{"line":47,"column":72}}],"line":47},"6":{"loc":{"start":{"line":62,"column":4},"end":{"line":63,"column":72}},"type":"if","locations":[{"start":{"line":62,"column":4},"end":{"line":63,"column":72}},{"start":{"line":62,"column":4},"end":{"line":63,"column":72}}],"line":62}},"s":{"0":2,"1":2,"2":2,"3":2,"4":2,"5":2,"6":2,"7":2,"8":2,"9":0,"10":2,"11":2,"12":0,"13":0,"14":0,"15":0,"16":2,"17":3,"18":3,"19":3,"20":1,"21":2,"22":2,"23":1,"24":1,"25":1,"26":0,"27":1,"28":2,"29":1,"30":1},"f":{"0":2,"1":2,"2":3,"3":1,"4":1},"b":{"0":[0,2],"1":[2,0],"2":[0,0],"3":[0,0,0],"4":[1,2],"5":[3,2,2],"6":[0,1]},"_coverageSchema":"1a1c01bbd47fc00a2c39e90264f33305004495a9","hash":"715ebf8c81f806b58ceb5a55a553187b17c715a6"}
,"/home/vaxeng/Documents/lottery_web_api/controllers/login.controller.js": {"path":"/home/vaxeng/Documents/lottery_web_api/controllers/login.controller.js","statementMap":{"0":{"start":{"line":1,"column":19},"end":{"line":1,"column":52}},"1":{"start":{"line":2,"column":15},"end":{"line":2,"column":45}},"2":{"start":{"line":3,"column":11},"end":{"line":3,"column":43}},"3":{"start":{"line":4,"column":10},"end":{"line":4,"column":12}},"4":{"start":{"line":5,"column":12},"end":{"line":5,"column":35}},"5":{"start":{"line":9,"column":0},"end":{"line":36,"column":1}},"6":{"start":{"line":11,"column":4},"end":{"line":11,"column":21}},"7":{"start":{"line":13,"column":4},"end":{"line":13,"column":84}},"8":{"start":{"line":15,"column":4},"end":{"line":15,"column":86}},"9":{"start":{"line":17,"column":4},"end":{"line":35,"column":6}},"10":{"start":{"line":19,"column":8},"end":{"line":22,"column":9}},"11":{"start":{"line":20,"column":12},"end":{"line":20,"column":31}},"12":{"start":{"line":21,"column":12},"end":{"line":21,"column":50}},"13":{"start":{"line":23,"column":8},"end":{"line":34,"column":9}},"14":{"start":{"line":24,"column":12},"end":{"line":24,"column":54}},"15":{"start":{"line":27,"column":12},"end":{"line":27,"column":32}},"16":{"start":{"line":28,"column":12},"end":{"line":33,"column":14}},"17":{"start":{"line":29,"column":16},"end":{"line":32,"column":18}}},"fnMap":{"0":{"name":"(anonymous_0)","decl":{"start":{"line":9,"column":16},"end":{"line":9,"column":17}},"loc":{"start":{"line":9,"column":36},"end":{"line":36,"column":1}},"line":9},"1":{"name":"(anonymous_1)","decl":{"start":{"line":17,"column":71},"end":{"line":17,"column":72}},"loc":{"start":{"line":17,"column":91},"end":{"line":35,"column":5}},"line":17},"2":{"name":"(anonymous_2)","decl":{"start":{"line":28,"column":44},"end":{"line":28,"column":45}},"loc":{"start":{"line":28,"column":60},"end":{"line":33,"column":13}},"line":28}},"branchMap":{"0":{"loc":{"start":{"line":19,"column":8},"end":{"line":22,"column":9}},"type":"if","locations":[{"start":{"line":19,"column":8},"end":{"line":22,"column":9}},{"start":{"line":19,"column":8},"end":{"line":22,"column":9}}],"line":19},"1":{"loc":{"start":{"line":23,"column":8},"end":{"line":34,"column":9}},"type":"if","locations":[{"start":{"line":23,"column":8},"end":{"line":34,"column":9}},{"start":{"line":23,"column":8},"end":{"line":34,"column":9}}],"line":23}},"s":{"0":2,"1":2,"2":2,"3":2,"4":2,"5":2,"6":2,"7":2,"8":2,"9":2,"10":2,"11":0,"12":0,"13":2,"14":1,"15":1,"16":1,"17":1},"f":{"0":2,"1":2,"2":1},"b":{"0":[0,2],"1":[1,1]},"_coverageSchema":"1a1c01bbd47fc00a2c39e90264f33305004495a9","hash":"69f5610d7f12669fbc80d29b1e7d1fc4b2f69c9d"}
,"/home/vaxeng/Documents/lottery_web_api/models/brance.model.js": {"path":"/home/vaxeng/Documents/lottery_web_api/models/brance.model.js","statementMap":{"0":{"start":{"line":2,"column":13},"end":{"line":6,"column":1}},"1":{"start":{"line":8,"column":0},"end":{"line":8,"column":23}}},"fnMap":{},"branchMap":{},"s":{"0":2,"1":2},"f":{},"b":{},"_coverageSchema":"1a1c01bbd47fc00a2c39e90264f33305004495a9","hash":"642e00d7b4724136a33f4fecc5acdad23b6a3294"}
,"/home/vaxeng/Documents/lottery_web_api/models/login.model.js": {"path":"/home/vaxeng/Documents/lottery_web_api/models/login.model.js","statementMap":{"0":{"start":{"line":2,"column":11},"end":{"line":5,"column":1}},"1":{"start":{"line":6,"column":0},"end":{"line":6,"column":21}}},"fnMap":{},"branchMap":{},"s":{"0":2,"1":2},"f":{},"b":{},"_coverageSchema":"1a1c01bbd47fc00a2c39e90264f33305004495a9","hash":"108d592b27098c3ff4a3f049c9ea09d122a6a26f"}
,"/home/vaxeng/Documents/lottery_web_api/routes/brance.route.js": {"path":"/home/vaxeng/Documents/lottery_web_api/routes/brance.route.js","statementMap":{"0":{"start":{"line":2,"column":16},"end":{"line":2,"column":34}},"1":{"start":{"line":3,"column":14},"end":{"line":3,"column":30}},"2":{"start":{"line":4,"column":15},"end":{"line":4,"column":58}},"3":{"start":{"line":61,"column":0},"end":{"line":61,"column":36}},"4":{"start":{"line":90,"column":0},"end":{"line":90,"column":35}},"5":{"start":{"line":120,"column":0},"end":{"line":120,"column":46}},"6":{"start":{"line":143,"column":0},"end":{"line":143,"column":32}},"7":{"start":{"line":146,"column":0},"end":{"line":146,"column":22}}},"fnMap":{},"branchMap":{},"s":{"0":2,"1":2,"2":2,"3":2,"4":2,"5":2,"6":2,"7":2},"f":{},"b":{},"_coverageSchema":"1a1c01bbd47fc00a2c39e90264f33305004495a9","hash":"efc9e20daa77832625aeeb232415e91c52f88a4f"}
,"/home/vaxeng/Documents/lottery_web_api/routes/login.route.js": {"path":"/home/vaxeng/Documents/lottery_web_api/routes/login.route.js","statementMap":{"0":{"start":{"line":1,"column":16},"end":{"line":1,"column":34}},"1":{"start":{"line":2,"column":15},"end":{"line":2,"column":31}},"2":{"start":{"line":3,"column":13},"end":{"line":3,"column":55}},"3":{"start":{"line":63,"column":0},"end":{"line":63,"column":61}},"4":{"start":{"line":66,"column":0},"end":{"line":66,"column":24}}},"fnMap":{},"branchMap":{},"s":{"0":2,"1":2,"2":2,"3":2,"4":2},"f":{},"b":{},"_coverageSchema":"1a1c01bbd47fc00a2c39e90264f33305004495a9","hash":"dcf350543a8a932a86f0634de099662a7d9a9d90"}
}
