TN:
SF:Processes.js
FN:6,(anonymous_0)
FN:9,(anonymous_1)
FN:22,(anonymous_2)
FN:24,(anonymous_3)
FN:39,(anonymous_4)
FN:41,(anonymous_5)
FN:57,(anonymous_6)
FN:59,(anonymous_7)
FNF:8
FNH:4
FNDA:0,(anonymous_0)
FNDA:0,(anonymous_1)
FNDA:1,(anonymous_2)
FNDA:1,(anonymous_3)
FNDA:3,(anonymous_4)
FNDA:3,(anonymous_5)
FNDA:0,(anonymous_6)
FNDA:0,(anonymous_7)
DA:2,2
DA:3,2
DA:6,2
DA:8,0
DA:9,0
DA:11,0
DA:12,0
DA:13,0
DA:16,0
DA:17,0
DA:22,2
DA:23,1
DA:24,1
DA:25,1
DA:26,0
DA:27,0
DA:29,1
DA:30,0
DA:33,1
DA:34,1
DA:39,2
DA:40,3
DA:41,3
DA:42,3
DA:43,0
DA:44,0
DA:46,3
DA:47,1
DA:50,2
DA:51,2
DA:57,2
DA:58,0
DA:59,0
DA:60,0
DA:61,0
DA:62,0
DA:64,0
DA:65,0
DA:68,0
DA:69,0
DA:74,2
LF:41
LH:20
BRDA:11,0,0,0
BRDA:11,0,1,0
BRDA:25,1,0,0
BRDA:25,1,1,1
BRDA:29,2,0,0
BRDA:29,2,1,1
BRDA:42,3,0,0
BRDA:42,3,1,3
BRDA:46,4,0,1
BRDA:46,4,1,2
BRDA:60,5,0,0
BRDA:60,5,1,0
BRDA:64,6,0,0
BRDA:64,6,1,0
BRF:14
BRH:5
end_of_record
TN:
SF:server.js
FNF:0
FNH:0
DA:3,2
DA:4,2
DA:5,2
DA:6,2
DA:7,2
DA:8,2
DA:10,2
DA:11,2
DA:12,2
DA:13,2
DA:14,2
DA:17,2
DA:18,2
DA:21,2
DA:22,2
DA:26,2
DA:27,2
DA:61,2
DA:62,2
DA:67,2
DA:68,2
LF:21
LH:21
BRDA:26,0,0,2
BRDA:26,0,1,2
BRF:2
BRH:2
end_of_record
TN:
SF:DBConfig/connection.js
FN:13,(anonymous_0)
FN:15,(anonymous_1)
FNF:2
FNH:1
FNDA:2,(anonymous_0)
FNDA:0,(anonymous_1)
DA:3,2
DA:5,2
DA:13,2
DA:14,2
DA:16,0
DA:19,2
LF:6
LH:5
BRF:0
BRH:0
end_of_record
TN:
SF:LogConfig/logger.js
FNF:0
FNH:0
DA:2,2
DA:3,2
DA:20,2
LF:3
LH:3
BRF:0
BRH:0
end_of_record
TN:
SF:controllers/brance.controller.js
FN:8,(anonymous_0)
FN:14,(anonymous_1)
FN:43,(anonymous_2)
FN:59,(anonymous_3)
FN:73,(anonymous_4)
FNF:5
FNH:5
FNDA:2,(anonymous_0)
FNDA:2,(anonymous_1)
FNDA:3,(anonymous_2)
FNDA:1,(anonymous_3)
FNDA:1,(anonymous_4)
DA:2,2
DA:3,2
DA:4,2
DA:5,2
DA:8,2
DA:9,2
DA:12,2
DA:14,2
DA:16,2
DA:18,2
DA:19,2
DA:25,0
DA:27,0
DA:28,0
DA:30,0
DA:43,2
DA:44,3
DA:45,3
DA:47,3
DA:48,1
DA:50,2
DA:59,2
DA:60,1
DA:61,1
DA:62,1
DA:63,0
DA:65,1
DA:73,2
DA:74,1
DA:75,1
LF:30
LH:25
BRDA:16,0,0,0
BRDA:16,0,1,2
BRDA:18,1,0,2
BRDA:18,1,1,0
BRDA:27,2,0,0
BRDA:27,2,1,0
BRDA:27,3,0,0
BRDA:27,3,1,0
BRDA:27,3,2,0
BRDA:47,4,0,1
BRDA:47,4,1,2
BRDA:47,5,0,3
BRDA:47,5,1,2
BRDA:47,5,2,2
BRDA:62,6,0,0
BRDA:62,6,1,1
BRF:16
BRH:8
end_of_record
TN:
SF:controllers/login.controller.js
FN:9,(anonymous_0)
FN:17,(anonymous_1)
FN:28,(anonymous_2)
FNF:3
FNH:3
FNDA:2,(anonymous_0)
FNDA:2,(anonymous_1)
FNDA:1,(anonymous_2)
DA:1,2
DA:2,2
DA:3,2
DA:4,2
DA:5,2
DA:9,2
DA:11,2
DA:13,2
DA:15,2
DA:17,2
DA:19,2
DA:20,0
DA:21,0
DA:23,2
DA:24,1
DA:27,1
DA:28,1
DA:29,1
LF:18
LH:16
BRDA:19,0,0,0
BRDA:19,0,1,2
BRDA:23,1,0,1
BRDA:23,1,1,1
BRF:4
BRH:3
end_of_record
TN:
SF:models/brance.model.js
FNF:0
FNH:0
DA:2,2
DA:8,2
LF:2
LH:2
BRF:0
BRH:0
end_of_record
TN:
SF:models/login.model.js
FNF:0
FNH:0
DA:2,2
DA:6,2
LF:2
LH:2
BRF:0
BRH:0
end_of_record
TN:
SF:routes/brance.route.js
FNF:0
FNH:0
DA:2,2
DA:3,2
DA:4,2
DA:61,2
DA:90,2
DA:120,2
DA:143,2
DA:146,2
LF:8
LH:8
BRF:0
BRH:0
end_of_record
TN:
SF:routes/login.route.js
FNF:0
FNH:0
DA:1,2
DA:2,2
DA:3,2
DA:63,2
DA:66,2
LF:5
LH:5
BRF:0
BRH:0
end_of_record
